["gcc", "-print-multiarch"]
["c++", "-print-file-name=libomp.so"]
["gcc", "-print-multiarch"]
["c++", "-print-file-name=libgomp.so"]
["c++", "-print-file-name=libomp.so"]
["c++", "-print-file-name=libiomp5.so"]
["c++", "-print-file-name=libgomp.so"]
["gcc", "-Wl,-t", "-o", "/tmp/tmpmktlcb73", "-lomp"]
["gcc", "-print-multiarch"]
["c++", "-print-file-name=libiomp5.so"]
["ld", "-t", "-o", "/dev/null", "-lomp"]
["c++", "-print-file-name=libomp.so"]
["gcc", "-Wl,-t", "-o", "/tmp/tmpu40750vn", "-lomp"]
["c++", "-print-file-name=libgomp.so"]
["ld", "-t", "-o", "/dev/null", "-lomp"]
["gcc", "-print-multiarch"]
["c++", "-print-file-name=libiomp5.so"]
["gcc", "-print-multiarch"]
["c++", "-print-file-name=libomp.so"]
["gcc", "-Wl,-t", "-o", "/tmp/tmp0zvj9f2_", "-lomp"]
["c++", "-print-file-name=libomp.so"]
["gcc", "-print-multiarch"]
["c++", "-print-file-name=libgomp.so"]
["ld", "-t", "-o", "/dev/null", "-lomp"]
["c++", "-print-file-name=libgomp.so"]
["c++", "-print-file-name=libomp.so"]
["c++", "-print-file-name=libiomp5.so"]
["c++", "-print-file-name=libiomp5.so"]
["c++", "-print-file-name=libgomp.so"]
["gcc", "-Wl,-t", "-o", "/tmp/tmpsarf_x3w", "-lomp"]
["gcc", "-print-multiarch"]
["gcc", "-Wl,-t", "-o", "/tmp/tmpc56yu40b", "-lomp"]
["c++", "-print-file-name=libiomp5.so"]
["ld", "-t", "-o", "/dev/null", "-lomp"]
["c++", "-print-file-name=libomp.so"]
["ld", "-t", "-o", "/dev/null", "-lomp"]
["gcc", "-Wl,-t", "-o", "/tmp/tmp84d8_rgk", "-lomp"]
["c++", "-print-file-name=libgomp.so"]
["ld", "-t", "-o", "/dev/null", "-lomp"]
["c++", "-print-file-name=libiomp5.so"]
["gcc", "-Wl,-t", "-o", "/tmp/tmpc01whknr", "-lomp"]
["ld", "-t", "-o", "/dev/null", "-lomp"]
