["gcc", "-print-multiarch"]
["gcc", "-print-multiarch"]
["c++", "-print-file-name=libomp.so"]
["c++", "-print-file-name=libomp.so"]
["c++", "-print-file-name=libgomp.so"]
["c++", "-print-file-name=libgomp.so"]
["c++", "-print-file-name=libiomp5.so"]
["c++", "-print-file-name=libiomp5.so"]
["gcc", "-Wl,-t", "-o", "/tmp/tmp7mprgplu", "-lomp"]
["gcc", "-Wl,-t", "-o", "/tmp/tmpbt_lwwj7", "-lomp"]
["ld", "-t", "-o", "/dev/null", "-lomp"]
["gcc", "-print-multiarch"]
["ld", "-t", "-o", "/dev/null", "-lomp"]
["c++", "-print-file-name=libomp.so"]
["gcc", "-print-multiarch"]
["gcc", "-print-multiarch"]
["gcc", "-print-multiarch"]
["c++", "-print-file-name=libgomp.so"]
["c++", "-print-file-name=libomp.so"]
["c++", "-print-file-name=libomp.so"]
["c++", "-print-file-name=libomp.so"]
["c++", "-print-file-name=libiomp5.so"]
["c++", "-print-file-name=libgomp.so"]
["c++", "-print-file-name=libgomp.so"]
["c++", "-print-file-name=libgomp.so"]
["gcc", "-Wl,-t", "-o", "/tmp/tmpa_w35isf", "-lomp"]
["c++", "-print-file-name=libiomp5.so"]
["c++", "-print-file-name=libiomp5.so"]
["c++", "-print-file-name=libiomp5.so"]
["ld", "-t", "-o", "/dev/null", "-lomp"]
["gcc", "-Wl,-t", "-o", "/tmp/tmpld1wso92", "-lomp"]
["gcc", "-Wl,-t", "-o", "/tmp/tmpjtqrmy29", "-lomp"]
["gcc", "-Wl,-t", "-o", "/tmp/tmpb7c2jd_9", "-lomp"]
["ld", "-t", "-o", "/dev/null", "-lomp"]
["ld", "-t", "-o", "/dev/null", "-lomp"]
["ld", "-t", "-o", "/dev/null", "-lomp"]
