["gcc", "-print-multiarch"]
["c++", "-print-file-name=libomp.so"]
["c++", "-print-file-name=libgomp.so"]
["c++", "-print-file-name=libiomp5.so"]
["gcc", "-Wl,-t", "-o", "/tmp/tmp89o3a4p_", "-lomp"]
["ld", "-t", "-o", "/dev/null", "-lomp"]
["gcc", "-print-multiarch"]
["c++", "-print-file-name=libomp.so"]
["c++", "-print-file-name=libgomp.so"]
["c++", "-print-file-name=libiomp5.so"]
["gcc", "-Wl,-t", "-o", "/tmp/tmp9x1fjly_", "-lomp"]
["ld", "-t", "-o", "/dev/null", "-lomp"]
["gcc", "-print-multiarch"]
["c++", "-print-file-name=libomp.so"]
["c++", "-print-file-name=libgomp.so"]
["c++", "-print-file-name=libiomp5.so"]
["gcc", "-Wl,-t", "-o", "/tmp/tmp0ro_yuvu", "-lomp"]
["ld", "-t", "-o", "/dev/null", "-lomp"]
["gcc", "-print-multiarch"]
["c++", "-print-file-name=libomp.so"]
["c++", "-print-file-name=libgomp.so"]
["c++", "-print-file-name=libiomp5.so"]
["gcc", "-Wl,-t", "-o", "/tmp/tmpfy_copch", "-lomp"]
["ld", "-t", "-o", "/dev/null", "-lomp"]
["gcc", "-print-multiarch"]
["c++", "-print-file-name=libomp.so"]
["c++", "-print-file-name=libgomp.so"]
["c++", "-print-file-name=libiomp5.so"]
["gcc", "-Wl,-t", "-o", "/tmp/tmpgwxg9wdq", "-lomp"]
["ld", "-t", "-o", "/dev/null", "-lomp"]
["gcc", "-print-multiarch"]
["c++", "-print-file-name=libomp.so"]
["c++", "-print-file-name=libgomp.so"]
["c++", "-print-file-name=libiomp5.so"]
["gcc", "-Wl,-t", "-o", "/tmp/tmptr61gu58", "-lomp"]
["ld", "-t", "-o", "/dev/null", "-lomp"]
["gcc", "-print-multiarch"]
["c++", "-print-file-name=libomp.so"]
["c++", "-print-file-name=libgomp.so"]
["c++", "-print-file-name=libiomp5.so"]
["gcc", "-Wl,-t", "-o", "/tmp/tmp5p2gs4iv", "-lomp"]
["ld", "-t", "-o", "/dev/null", "-lomp"]
["gcc", "-print-multiarch"]
["c++", "-print-file-name=libomp.so"]
["c++", "-print-file-name=libgomp.so"]
["c++", "-print-file-name=libiomp5.so"]
["gcc", "-Wl,-t", "-o", "/tmp/tmpsmbbhqvu", "-lomp"]
["ld", "-t", "-o", "/dev/null", "-lomp"]
["gcc", "-print-multiarch"]
["c++", "-print-file-name=libomp.so"]
["c++", "-print-file-name=libgomp.so"]
["c++", "-print-file-name=libiomp5.so"]
["gcc", "-Wl,-t", "-o", "/tmp/tmprbpd94ok", "-lomp"]
["ld", "-t", "-o", "/dev/null", "-lomp"]
