["gcc", "-print-multiarch"]
["gcc", "-print-multiarch"]
["gcc", "-print-multiarch"]
["gcc", "-print-multiarch"]
["c++", "-print-file-name=libomp.so"]
["c++", "-print-file-name=libomp.so"]
["c++", "-print-file-name=libomp.so"]
["c++", "-print-file-name=libomp.so"]
["c++", "-print-file-name=libgomp.so"]
["c++", "-print-file-name=libgomp.so"]
["c++", "-print-file-name=libgomp.so"]
["c++", "-print-file-name=libgomp.so"]
["c++", "-print-file-name=libiomp5.so"]
["c++", "-print-file-name=libiomp5.so"]
["c++", "-print-file-name=libiomp5.so"]
["c++", "-print-file-name=libiomp5.so"]
["gcc", "-Wl,-t", "-o", "/tmp/tmpxzcjtc0s", "-lomp"]
["gcc", "-Wl,-t", "-o", "/tmp/tmpyt3s6bfn", "-lomp"]
["gcc", "-Wl,-t", "-o", "/tmp/tmpnmijfv4e", "-lomp"]
["gcc", "-Wl,-t", "-o", "/tmp/tmpn6bhf5lg", "-lomp"]
["ld", "-t", "-o", "/dev/null", "-lomp"]
["ld", "-t", "-o", "/dev/null", "-lomp"]
["ld", "-t", "-o", "/dev/null", "-lomp"]
["ld", "-t", "-o", "/dev/null", "-lomp"]
