["gcc", "-print-multiarch"]
["gcc", "-print-multiarch"]
["gcc", "-print-multiarch"]
["c++", "-print-file-name=libomp.so"]
["c++", "-print-file-name=libomp.so"]
["c++", "-print-file-name=libomp.so"]
["c++", "-print-file-name=libgomp.so"]
["c++", "-print-file-name=libgomp.so"]
["gcc", "-print-multiarch"]
["c++", "-print-file-name=libgomp.so"]
["c++", "-print-file-name=libiomp5.so"]
["c++", "-print-file-name=libiomp5.so"]
["c++", "-print-file-name=libomp.so"]
["c++", "-print-file-name=libiomp5.so"]
["gcc", "-Wl,-t", "-o", "/tmp/tmp40p7q5b1", "-lomp"]
["gcc", "-Wl,-t", "-o", "/tmp/tmpn1ma6p7y", "-lomp"]
["c++", "-print-file-name=libgomp.so"]
["gcc", "-Wl,-t", "-o", "/tmp/tmph1kr2gsk", "-lomp"]
["ld", "-t", "-o", "/dev/null", "-lomp"]
["ld", "-t", "-o", "/dev/null", "-lomp"]
["c++", "-print-file-name=libiomp5.so"]
["ld", "-t", "-o", "/dev/null", "-lomp"]
["gcc", "-Wl,-t", "-o", "/tmp/tmp5k4c01hk", "-lomp"]
["gcc", "-print-multiarch"]
["ld", "-t", "-o", "/dev/null", "-lomp"]
["c++", "-print-file-name=libomp.so"]
["c++", "-print-file-name=libgomp.so"]
["c++", "-print-file-name=libiomp5.so"]
["gcc", "-Wl,-t", "-o", "/tmp/tmpgwtyan3a", "-lomp"]
["ld", "-t", "-o", "/dev/null", "-lomp"]
