["gcc", "-print-multiarch"]
["c++", "-print-file-name=libomp.so"]
["c++", "-print-file-name=libgomp.so"]
["c++", "-print-file-name=libiomp5.so"]
["gcc", "-Wl,-t", "-o", "/tmp/tmpdu_zk9ov", "-lomp"]
["gcc", "-print-multiarch"]
["ld", "-t", "-o", "/dev/null", "-lomp"]
["c++", "-print-file-name=libomp.so"]
["c++", "-print-file-name=libgomp.so"]
["gcc", "-print-multiarch"]
["gcc", "-print-multiarch"]
["c++", "-print-file-name=libiomp5.so"]
["c++", "-print-file-name=libomp.so"]
["gcc", "-Wl,-t", "-o", "/tmp/tmpq7oer682", "-lomp"]
["c++", "-print-file-name=libomp.so"]
["c++", "-print-file-name=libgomp.so"]
["ld", "-t", "-o", "/dev/null", "-lomp"]
["c++", "-print-file-name=libgomp.so"]
["c++", "-print-file-name=libiomp5.so"]
["c++", "-print-file-name=libiomp5.so"]
["gcc", "-Wl,-t", "-o", "/tmp/tmpgakv30ub", "-lomp"]
["gcc", "-Wl,-t", "-o", "/tmp/tmpeoh5ordl", "-lomp"]
["ld", "-t", "-o", "/dev/null", "-lomp"]
["ld", "-t", "-o", "/dev/null", "-lomp"]
