["gcc", "-print-multiarch"]
["gcc", "-print-multiarch"]
["gcc", "-print-multiarch"]
["c++", "-print-file-name=libomp.so"]
["c++", "-print-file-name=libomp.so"]
["c++", "-print-file-name=libomp.so"]
["c++", "-print-file-name=libgomp.so"]
["c++", "-print-file-name=libgomp.so"]
["c++", "-print-file-name=libgomp.so"]
["gcc", "-print-multiarch"]
["c++", "-print-file-name=libiomp5.so"]
["c++", "-print-file-name=libiomp5.so"]
["c++", "-print-file-name=libiomp5.so"]
["c++", "-print-file-name=libomp.so"]
["gcc", "-Wl,-t", "-o", "/tmp/tmpost5fs7q", "-lomp"]
["gcc", "-Wl,-t", "-o", "/tmp/tmpa_j0ty5o", "-lomp"]
["gcc", "-Wl,-t", "-o", "/tmp/tmpfkd_usny", "-lomp"]
["c++", "-print-file-name=libgomp.so"]
["ld", "-t", "-o", "/dev/null", "-lomp"]
["ld", "-t", "-o", "/dev/null", "-lomp"]
["ld", "-t", "-o", "/dev/null", "-lomp"]
["c++", "-print-file-name=libiomp5.so"]
["gcc", "-Wl,-t", "-o", "/tmp/tmp41g5ovoy", "-lomp"]
["ld", "-t", "-o", "/dev/null", "-lomp"]
