This file contains any messages produced by compilers while
running configure, to aid debugging if configure makes a mistake.

It was created by sqlite configure 3.27.2, which was
generated by GNU Autoconf 2.69.  Invocation command line was

  $ ./configure CFLAGS=-O2 -g0 -fPIC  CPPFLAGS=-DSQLITE_OMIT_POPEN

## --------- ##
## Platform. ##
## --------- ##

hostname = 4fa06472151e
uname -m = x86_64
uname -r = 5.10.104-linuxkit
uname -s = Linux
uname -v = #1 SMP Thu Mar 17 17:08:06 UTC 2022

/usr/bin/uname -p = unknown
/bin/uname -X     = unknown

/bin/arch              = unknown
/usr/bin/arch -k       = unknown
/usr/convex/getsysinfo = unknown
/usr/bin/hostinfo      = unknown
/bin/machine           = unknown
/usr/bin/oslevel       = unknown
/bin/universe          = unknown

PATH: /src/emsdk/emsdk/upstream/emscripten/system/bin
PATH: /src/node_modules/.bin/
PATH: /src/emsdk/emsdk/ccache/git-emscripten_64bit/bin
PATH: /src/emsdk/emsdk
PATH: /src/emsdk/emsdk/upstream/emscripten
PATH: /src/emsdk/emsdk/node/14.18.2_64bit/bin
PATH: /src/node_modules/.bin/
PATH: /usr/local/bin
PATH: /usr/local/sbin
PATH: /usr/sbin
PATH: /usr/bin
PATH: /sbin
PATH: /bin
PATH: /src/packages/.artifacts/bin/
PATH: /src/packages/.artifacts/bin/


## ----------- ##
## Core tests. ##
## ----------- ##

configure:2347: checking for a BSD-compatible install
configure:2415: result: /usr/bin/install -c
configure:2426: checking whether build environment is sane
configure:2481: result: yes
configure:2630: checking for a thread-safe mkdir -p
configure:2669: result: /bin/mkdir -p
configure:2676: checking for gawk
configure:2706: result: no
configure:2676: checking for mawk
configure:2692: found /usr/bin/mawk
configure:2703: result: mawk
configure:2714: checking whether make sets $(MAKE)
configure:2736: result: yes
configure:2765: checking whether make supports nested variables
configure:2782: result: yes
configure:2921: checking for style of include used by make
configure:2949: result: GNU
configure:3020: checking for gcc
configure:3047: result: /src/emsdk/emsdk/upstream/emscripten/emcc
configure:3276: checking for C compiler version
configure:3285: /src/emsdk/emsdk/upstream/emscripten/emcc --version >&5
emcc (Emscripten gcc/clang-like replacement + linker emulating GNU ld) 2.0.16 (52ed04f424ff0db7d8085c35df3afd7f7b1c9eb7)
Copyright (C) 2014 the Emscripten authors (see AUTHORS.txt)
This is free and open source software under the MIT license.
There is NO warranty; not even for MERCHANTABILITY or FITNESS FOR A PARTICULAR PURPOSE.
  
configure:3296: $? = 0
configure:3285: /src/emsdk/emsdk/upstream/emscripten/emcc -v >&5
emcc (Emscripten gcc/clang-like replacement + linker emulating GNU ld) 2.0.16
clang version 13.0.0 (/b/s/w/ir/cache/git/chromium.googlesource.com-external-github.com-llvm-llvm--project ad8010e598d9aa3747c34ce28aa2ba6de1650bd4)
Target: wasm32-unknown-emscripten
Thread model: posix
InstalledDir: /src/emsdk/emsdk/upstream/bin
configure:3296: $? = 0
configure:3285: /src/emsdk/emsdk/upstream/emscripten/emcc -V >&5
emcc: error: no input files
configure:3296: $? = 1
configure:3285: /src/emsdk/emsdk/upstream/emscripten/emcc -qversion >&5
emcc: error: no input files
configure:3296: $? = 1
configure:3316: checking whether the C compiler works
configure:3338: /src/emsdk/emsdk/upstream/emscripten/emcc -O2 -g0 -fPIC  -DSQLITE_OMIT_POPEN  conftest.c  >&5
configure:3342: $? = 0
configure:3390: result: yes
configure:3393: checking for C compiler default output file name
configure:3395: result: a.out
configure:3401: checking for suffix of executables
configure:3408: /src/emsdk/emsdk/upstream/emscripten/emcc -o conftest -O2 -g0 -fPIC  -DSQLITE_OMIT_POPEN  conftest.c  >&5
configure:3412: $? = 0
configure:3434: result: 
configure:3456: checking whether we are cross compiling
configure:3464: /src/emsdk/emsdk/upstream/emscripten/emcc -o conftest -O2 -g0 -fPIC  -DSQLITE_OMIT_POPEN  conftest.c  >&5
configure:3468: $? = 0
configure:3475: ./conftest
configure:3479: $? = 0
configure:3467: result: no
configure:3472: checking for suffix of object files
configure:3494: /src/emsdk/emsdk/upstream/emscripten/emcc -c -O2 -g0 -fPIC  -DSQLITE_OMIT_POPEN conftest.c >&5
configure:3498: $? = 0
configure:3519: result: o
configure:3523: checking whether we are using the GNU C compiler
configure:3542: /src/emsdk/emsdk/upstream/emscripten/emcc -c -O2 -g0 -fPIC  -DSQLITE_OMIT_POPEN conftest.c >&5
configure:3542: $? = 0
configure:3551: result: yes
configure:3560: checking whether /src/emsdk/emsdk/upstream/emscripten/emcc accepts -g
configure:3580: /src/emsdk/emsdk/upstream/emscripten/emcc -c -g -DSQLITE_OMIT_POPEN conftest.c >&5
configure:3580: $? = 0
configure:3621: result: yes
configure:3638: checking for /src/emsdk/emsdk/upstream/emscripten/emcc option to accept ISO C89
configure:3701: /src/emsdk/emsdk/upstream/emscripten/emcc  -c -O2 -g0 -fPIC  -DSQLITE_OMIT_POPEN conftest.c >&5
configure:3701: $? = 0
configure:3714: result: none needed
configure:3739: checking whether /src/emsdk/emsdk/upstream/emscripten/emcc understands -c and -o together
configure:3761: /src/emsdk/emsdk/upstream/emscripten/emcc -c conftest.c -o conftest2.o
configure:3764: $? = 0
configure:3761: /src/emsdk/emsdk/upstream/emscripten/emcc -c conftest.c -o conftest2.o
configure:3764: $? = 0
configure:3776: result: yes
configure:3795: checking dependency style of /src/emsdk/emsdk/upstream/emscripten/emcc
configure:3906: result: gcc3
configure:3929: checking for special C compiler options needed for large files
configure:3974: result: no
configure:3980: checking for _FILE_OFFSET_BITS value needed for large files
configure:4005: /src/emsdk/emsdk/upstream/emscripten/emcc -c -O2 -g0 -fPIC  -DSQLITE_OMIT_POPEN conftest.c >&5
configure:4005: $? = 0
configure:4037: result: no
configure:4172: checking for gcc
configure:4199: result: /src/emsdk/emsdk/upstream/emscripten/emcc
configure:4428: checking for C compiler version
configure:4437: /src/emsdk/emsdk/upstream/emscripten/emcc --version >&5
emcc (Emscripten gcc/clang-like replacement + linker emulating GNU ld) 2.0.16 (52ed04f424ff0db7d8085c35df3afd7f7b1c9eb7)
Copyright (C) 2014 the Emscripten authors (see AUTHORS.txt)
This is free and open source software under the MIT license.
There is NO warranty; not even for MERCHANTABILITY or FITNESS FOR A PARTICULAR PURPOSE.
  
configure:4448: $? = 0
configure:4437: /src/emsdk/emsdk/upstream/emscripten/emcc -v >&5
emcc (Emscripten gcc/clang-like replacement + linker emulating GNU ld) 2.0.16
clang version 13.0.0 (/b/s/w/ir/cache/git/chromium.googlesource.com-external-github.com-llvm-llvm--project ad8010e598d9aa3747c34ce28aa2ba6de1650bd4)
Target: wasm32-unknown-emscripten
Thread model: posix
InstalledDir: /src/emsdk/emsdk/upstream/bin
configure:4448: $? = 0
configure:4437: /src/emsdk/emsdk/upstream/emscripten/emcc -V >&5
emcc: error: no input files
configure:4448: $? = 1
configure:4437: /src/emsdk/emsdk/upstream/emscripten/emcc -qversion >&5
emcc: error: no input files
configure:4448: $? = 1
configure:4452: checking whether we are using the GNU C compiler
configure:4480: result: yes
configure:4489: checking whether /src/emsdk/emsdk/upstream/emscripten/emcc accepts -g
configure:4550: result: yes
configure:4567: checking for /src/emsdk/emsdk/upstream/emscripten/emcc option to accept ISO C89
configure:4643: result: none needed
configure:4668: checking whether /src/emsdk/emsdk/upstream/emscripten/emcc understands -c and -o together
configure:4705: result: yes
configure:4724: checking dependency style of /src/emsdk/emsdk/upstream/emscripten/emcc
configure:4835: result: gcc3
configure:4879: checking build system type
configure:4893: result: x86_64-pc-linux-gnu
configure:4913: checking host system type
configure:4926: result: x86_64-pc-linux-gnu
configure:4967: checking how to print strings
configure:4994: result: printf
configure:5015: checking for a sed that does not truncate output
configure:5079: result: /bin/sed
configure:5097: checking for grep that handles long lines and -e
configure:5155: result: /bin/grep
configure:5160: checking for egrep
configure:5222: result: /bin/grep -E
configure:5227: checking for fgrep
configure:5289: result: /bin/grep -F
configure:5324: checking for ld used by /src/emsdk/emsdk/upstream/emscripten/emcc
emcc: error: no input files
configure:5391: result: /src/emsdk/emsdk/upstream/emscripten/emcc
configure:5398: checking if the linker (/src/emsdk/emsdk/upstream/emscripten/emcc) is GNU ld
configure:5413: result: yes
configure:5425: checking for BSD- or MS-compatible name lister (nm)
configure:5479: result: /src/emsdk/emsdk/upstream/bin/llvm-nm
configure:5609: checking the name lister (/src/emsdk/emsdk/upstream/bin/llvm-nm) interface
configure:5616: /src/emsdk/emsdk/upstream/emscripten/emcc -c -O2 -g0 -fPIC  -DSQLITE_OMIT_POPEN conftest.c >&5
configure:5619: /src/emsdk/emsdk/upstream/bin/llvm-nm "conftest.o"
configure:5622: output
00000000 D some_variable
configure:5623: result: BSD nm
configure:5626: checking whether ln -s works
configure:5630: result: yes
configure:5638: checking the maximum length of command line arguments
configure:5769: result: 1572864
configure:5817: checking how to convert x86_64-pc-linux-gnu file names to x86_64-pc-linux-gnu format
configure:5857: result: func_convert_file_noop
configure:5864: checking how to convert x86_64-pc-linux-gnu file names to toolchain format
configure:5884: result: func_convert_file_noop
configure:5891: checking for /src/emsdk/emsdk/upstream/emscripten/emcc option to reload object files
configure:5898: result: -r
configure:5972: checking for objdump
configure:5988: found /usr/bin/objdump
configure:5999: result: objdump
configure:6031: checking how to recognize dependent libraries
configure:6231: result: pass_all
configure:6316: checking for dlltool
configure:6346: result: no
configure:6376: checking how to associate runtime and link libraries
configure:6403: result: printf %s\n
configure:6527: checking for archiver @FILE support
configure:6544: /src/emsdk/emsdk/upstream/emscripten/emcc -c -O2 -g0 -fPIC  -DSQLITE_OMIT_POPEN conftest.c >&5
configure:6544: $? = 0
configure:6547: /src/emsdk/emsdk/upstream/emscripten/emar cru libconftest.a @conftest.lst >&5
configure:6550: $? = 0
configure:6555: /src/emsdk/emsdk/upstream/emscripten/emar cru libconftest.a @conftest.lst >&5
/src/emsdk/emsdk/upstream/bin/llvm-ar: error: conftest.o: No such file or directory
configure:6558: $? = 1
configure:6557: result: @
configure:6615: checking for strip
configure:6631: found /usr/bin/strip
configure:6642: result: strip
configure:6714: checking for ranlib
configure:6741: result: /src/emsdk/emsdk/upstream/emscripten/emranlib
configure:6843: checking command to parse /src/emsdk/emsdk/upstream/bin/llvm-nm output from /src/emsdk/emsdk/upstream/emscripten/emcc object
configure:6996: /src/emsdk/emsdk/upstream/emscripten/emcc -c -O2 -g0 -fPIC  -DSQLITE_OMIT_POPEN conftest.c >&5
configure:6999: $? = 0
configure:7003: /src/emsdk/emsdk/upstream/bin/llvm-nm conftest.o \| sed -n -e 's/^.*[ ]\([BCDEGRST][BCDEGRST]*\)[ ][ ]*\([_A-Za-z][_A-Za-z0-9]*\)$/\1 \2 \2/p' | sed '/ __gnu_lto/d' \> conftest.nm
configure:7006: $? = 0
configure:7072: /src/emsdk/emsdk/upstream/emscripten/emcc -o conftest -O2 -g0 -fPIC  -DSQLITE_OMIT_POPEN  conftest.c conftstm.o >&5
configure:7075: $? = 0
configure:7113: result: ok
configure:7160: checking for sysroot
configure:7190: result: no
configure:7197: checking for a working dd
configure:7235: result: /bin/dd
configure:7239: checking how to truncate binary pipes
configure:7254: result: /bin/dd bs=4096 count=1
configure:7390: /src/emsdk/emsdk/upstream/emscripten/emcc -c -O2 -g0 -fPIC  -DSQLITE_OMIT_POPEN conftest.c >&5
configure:7393: $? = 0
configure:7583: checking for mt
configure:7613: result: no
configure:7633: checking if : is a manifest tool
configure:7639: : '-?'
configure:7647: result: no
configure:8324: checking how to run the C preprocessor
configure:8355: /src/emsdk/emsdk/upstream/emscripten/emcc -E -DSQLITE_OMIT_POPEN conftest.c
configure:8355: $? = 0
configure:8369: /src/emsdk/emsdk/upstream/emscripten/emcc -E -DSQLITE_OMIT_POPEN conftest.c
conftest.c:11:10: fatal error: 'ac_nonexistent.h' file not found
#include <ac_nonexistent.h>
         ^~~~~~~~~~~~~~~~~~
1 error generated.
emcc: error: '/src/emsdk/emsdk/upstream/bin/clang -target wasm32-unknown-emscripten -DEMSCRIPTEN -fignore-exceptions -mllvm -combiner-global-alias-analysis=false -mllvm -enable-emscripten-sjlj -mllvm -disable-lsr -D__EMSCRIPTEN_major__=2 -D__EMSCRIPTEN_minor__=0 -D__EMSCRIPTEN_tiny__=16 -D_LIBCPP_ABI_VERSION=2 -Dunix -D__unix -D__unix__ -flegacy-pass-manager -Werror=implicit-function-declaration -Xclang -iwithsysroot/include/SDL --sysroot=/src/emsdk/emsdk/upstream/emscripten/cache/sysroot -Xclang -iwithsysroot/include/compat -E -DSQLITE_OMIT_POPEN conftest.c' failed (1)
configure:8369: $? = 1
configure: failed program was:
| /* confdefs.h */
| #define PACKAGE_NAME "sqlite"
| #define PACKAGE_TARNAME "sqlite"
| #define PACKAGE_VERSION "3.27.2"
| #define PACKAGE_STRING "sqlite 3.27.2"
| #define PACKAGE_BUGREPORT "http://www.sqlite.org"
| #define PACKAGE_URL ""
| #define PACKAGE "sqlite"
| #define VERSION "3.27.2"
| /* end confdefs.h.  */
| #include <ac_nonexistent.h>
configure:8394: result: /src/emsdk/emsdk/upstream/emscripten/emcc -E
configure:8414: /src/emsdk/emsdk/upstream/emscripten/emcc -E -DSQLITE_OMIT_POPEN conftest.c
configure:8414: $? = 0
configure:8428: /src/emsdk/emsdk/upstream/emscripten/emcc -E -DSQLITE_OMIT_POPEN conftest.c
conftest.c:11:10: fatal error: 'ac_nonexistent.h' file not found
#include <ac_nonexistent.h>
         ^~~~~~~~~~~~~~~~~~
1 error generated.
emcc: error: '/src/emsdk/emsdk/upstream/bin/clang -target wasm32-unknown-emscripten -DEMSCRIPTEN -fignore-exceptions -mllvm -combiner-global-alias-analysis=false -mllvm -enable-emscripten-sjlj -mllvm -disable-lsr -D__EMSCRIPTEN_major__=2 -D__EMSCRIPTEN_minor__=0 -D__EMSCRIPTEN_tiny__=16 -D_LIBCPP_ABI_VERSION=2 -Dunix -D__unix -D__unix__ -flegacy-pass-manager -Werror=implicit-function-declaration -Xclang -iwithsysroot/include/SDL --sysroot=/src/emsdk/emsdk/upstream/emscripten/cache/sysroot -Xclang -iwithsysroot/include/compat -E -DSQLITE_OMIT_POPEN conftest.c' failed (1)
configure:8428: $? = 1
configure: failed program was:
| /* confdefs.h */
| #define PACKAGE_NAME "sqlite"
| #define PACKAGE_TARNAME "sqlite"
| #define PACKAGE_VERSION "3.27.2"
| #define PACKAGE_STRING "sqlite 3.27.2"
| #define PACKAGE_BUGREPORT "http://www.sqlite.org"
| #define PACKAGE_URL ""
| #define PACKAGE "sqlite"
| #define VERSION "3.27.2"
| /* end confdefs.h.  */
| #include <ac_nonexistent.h>
configure:8457: checking for ANSI C header files
configure:8477: /src/emsdk/emsdk/upstream/emscripten/emcc -c -O2 -g0 -fPIC  -DSQLITE_OMIT_POPEN conftest.c >&5
configure:8477: $? = 0
configure:8550: /src/emsdk/emsdk/upstream/emscripten/emcc -o conftest -O2 -g0 -fPIC  -DSQLITE_OMIT_POPEN  conftest.c  >&5
configure:8550: $? = 0
configure:8550: ./conftest
configure:8550: $? = 0
configure:8561: result: yes
configure:8574: checking for sys/types.h
configure:8574: /src/emsdk/emsdk/upstream/emscripten/emcc -c -O2 -g0 -fPIC  -DSQLITE_OMIT_POPEN conftest.c >&5
configure:8574: $? = 0
configure:8574: result: yes
configure:8574: checking for sys/stat.h
configure:8574: /src/emsdk/emsdk/upstream/emscripten/emcc -c -O2 -g0 -fPIC  -DSQLITE_OMIT_POPEN conftest.c >&5
configure:8574: $? = 0
configure:8574: result: yes
configure:8574: checking for stdlib.h
configure:8574: /src/emsdk/emsdk/upstream/emscripten/emcc -c -O2 -g0 -fPIC  -DSQLITE_OMIT_POPEN conftest.c >&5
configure:8574: $? = 0
configure:8574: result: yes
configure:8574: checking for string.h
configure:8574: /src/emsdk/emsdk/upstream/emscripten/emcc -c -O2 -g0 -fPIC  -DSQLITE_OMIT_POPEN conftest.c >&5
configure:8574: $? = 0
configure:8574: result: yes
configure:8574: checking for memory.h
configure:8574: /src/emsdk/emsdk/upstream/emscripten/emcc -c -O2 -g0 -fPIC  -DSQLITE_OMIT_POPEN conftest.c >&5
configure:8574: $? = 0
configure:8574: result: yes
configure:8574: checking for strings.h
configure:8574: /src/emsdk/emsdk/upstream/emscripten/emcc -c -O2 -g0 -fPIC  -DSQLITE_OMIT_POPEN conftest.c >&5
configure:8574: $? = 0
configure:8574: result: yes
configure:8574: checking for inttypes.h
configure:8574: /src/emsdk/emsdk/upstream/emscripten/emcc -c -O2 -g0 -fPIC  -DSQLITE_OMIT_POPEN conftest.c >&5
configure:8574: $? = 0
configure:8574: result: yes
configure:8574: checking for stdint.h
configure:8574: /src/emsdk/emsdk/upstream/emscripten/emcc -c -O2 -g0 -fPIC  -DSQLITE_OMIT_POPEN conftest.c >&5
configure:8574: $? = 0
configure:8574: result: yes
configure:8574: checking for unistd.h
configure:8574: /src/emsdk/emsdk/upstream/emscripten/emcc -c -O2 -g0 -fPIC  -DSQLITE_OMIT_POPEN conftest.c >&5
configure:8574: $? = 0
configure:8574: result: yes
configure:8588: checking for dlfcn.h
configure:8588: /src/emsdk/emsdk/upstream/emscripten/emcc -c -O2 -g0 -fPIC  -DSQLITE_OMIT_POPEN conftest.c >&5
configure:8588: $? = 0
configure:8588: result: yes
configure:8844: checking for objdir
configure:8859: result: .libs
configure:9119: checking if /src/emsdk/emsdk/upstream/emscripten/emcc supports -fno-rtti -fno-exceptions
configure:9137: /src/emsdk/emsdk/upstream/emscripten/emcc -c -O2 -g0 -fPIC  -DSQLITE_OMIT_POPEN -fno-rtti -fno-exceptions conftest.c >&5
configure:9141: $? = 0
configure:9154: result: yes
configure:9512: checking for /src/emsdk/emsdk/upstream/emscripten/emcc option to produce PIC
configure:9519: result: -fPIC -DPIC
configure:9527: checking if /src/emsdk/emsdk/upstream/emscripten/emcc PIC flag -fPIC -DPIC works
configure:9545: /src/emsdk/emsdk/upstream/emscripten/emcc -c -O2 -g0 -fPIC  -DSQLITE_OMIT_POPEN -fPIC -DPIC -DPIC conftest.c >&5
configure:9549: $? = 0
configure:9562: result: yes
configure:9591: checking if /src/emsdk/emsdk/upstream/emscripten/emcc static flag -static works
configure:9619: result: yes
configure:9634: checking if /src/emsdk/emsdk/upstream/emscripten/emcc supports -c -o file.o
configure:9655: /src/emsdk/emsdk/upstream/emscripten/emcc -c -O2 -g0 -fPIC  -DSQLITE_OMIT_POPEN -o out/conftest2.o conftest.c >&5
configure:9659: $? = 0
configure:9681: result: yes
configure:9689: checking if /src/emsdk/emsdk/upstream/emscripten/emcc supports -c -o file.o
configure:9736: result: yes
configure:9769: checking whether the /src/emsdk/emsdk/upstream/emscripten/emcc linker (/src/emsdk/emsdk/upstream/emscripten/emcc) supports shared libraries
configure:11032: result: yes
configure:11069: checking whether -lc should be explicitly linked in
configure:11077: /src/emsdk/emsdk/upstream/emscripten/emcc -c -O2 -g0 -fPIC  -DSQLITE_OMIT_POPEN conftest.c >&5
configure:11080: $? = 0
configure:11095: /src/emsdk/emsdk/upstream/emscripten/emcc -shared  -fPIC -DPIC conftest.o  -v -Wl,-soname -Wl,conftest -o conftest 2\>\&1 \| /bin/grep  -lc  \>/dev/null 2\>\&1
configure:11098: $? = 1
configure:11112: result: yes
configure:11272: checking dynamic linker characteristics
configure:11853: /src/emsdk/emsdk/upstream/emscripten/emcc -o conftest -O2 -g0 -fPIC  -DSQLITE_OMIT_POPEN  -Wl,-rpath -Wl,/foo conftest.c  >&5
emcc: warning: ignoring unsupported linker flag: `-rpath` [-Wlinkflags]
configure:11853: $? = 0
configure:12102: result: GNU/Linux ld.so
configure:12224: checking how to hardcode library paths into programs
configure:12249: result: immediate
configure:12797: checking whether stripping libraries is possible
configure:12802: result: yes
configure:12837: checking if libtool supports shared libraries
configure:12839: result: yes
configure:12842: checking whether to build shared libraries
configure:12867: result: yes
configure:12870: checking whether to build static libraries
configure:12874: result: yes
configure:9693: checking for fdatasync
configure:9693: /src/emsdk/emsdk/upstream/emscripten/emcc -o conftest -O2 -g0 -fPIC  -DSQLITE_OMIT_POPEN  conftest.c  >&5
wasm-ld: warning: function signature mismatch: fdatasync
>>> defined as () -> i32 in /tmp/emscripten_temp_467bwnzx/conftest_0.o
>>> defined as (i32) -> i32 in /src/emsdk/emsdk/upstream/emscripten/cache/sysroot/lib/wasm32-emscripten/libc.a(fdatasync.o)
configure:9693: $? = 0
configure:9693: result: yes
configure:9693: checking for usleep
configure:9693: /src/emsdk/emsdk/upstream/emscripten/emcc -o conftest -O2 -g0 -fPIC  -DSQLITE_OMIT_POPEN  conftest.c  >&5
wasm-ld: warning: function signature mismatch: usleep
>>> defined as () -> i32 in /tmp/emscripten_temp_1nl957oo/conftest_0.o
>>> defined as (i32) -> i32 in /src/emsdk/emsdk/upstream/emscripten/cache/sysroot/lib/wasm32-emscripten/libc.a(usleep.o)
configure:9693: $? = 0
configure:9693: result: yes
configure:9693: checking for fullfsync
configure:9693: /src/emsdk/emsdk/upstream/emscripten/emcc -o conftest -O2 -g0 -fPIC  -DSQLITE_OMIT_POPEN  conftest.c  >&5
error: undefined symbol: fullfsync (referenced by top-level compiled C/C++ code)
warning: Link with `-s LLD_REPORT_UNDEFINED` to get more information on undefined symbols
warning: To disable errors for undefined symbols use `-s ERROR_ON_UNDEFINED_SYMBOLS=0`
warning: _fullfsync may need to be added to EXPORTED_FUNCTIONS if it arrives from a system library
Error: Aborting compilation due to previous errors
emcc: error: '/src/emsdk/emsdk/node/14.18.2_64bit/bin/node /src/emsdk/emsdk/upstream/emscripten/src/compiler.js /tmp/tmpcuj8ozzq.txt' failed (1)
configure:9693: $? = 1
configure: failed program was:
| /* confdefs.h */
| #define PACKAGE_NAME "sqlite"
| #define PACKAGE_TARNAME "sqlite"
| #define PACKAGE_VERSION "3.27.2"
| #define PACKAGE_STRING "sqlite 3.27.2"
| #define PACKAGE_BUGREPORT "http://www.sqlite.org"
| #define PACKAGE_URL ""
| #define PACKAGE "sqlite"
| #define VERSION "3.27.2"
| #define STDC_HEADERS 1
| #define HAVE_SYS_TYPES_H 1
| #define HAVE_SYS_STAT_H 1
| #define HAVE_STDLIB_H 1
| #define HAVE_STRING_H 1
| #define HAVE_MEMORY_H 1
| #define HAVE_STRINGS_H 1
| #define HAVE_INTTYPES_H 1
| #define HAVE_STDINT_H 1
| #define HAVE_UNISTD_H 1
| #define HAVE_DLFCN_H 1
| #define LT_OBJDIR ".libs/"
| #define HAVE_FDATASYNC 1
| #define HAVE_USLEEP 1
| /* end confdefs.h.  */
| /* Define fullfsync to an innocuous variant, in case <limits.h> declares fullfsync.
|    For example, HP-UX 11i <limits.h> declares gettimeofday.  */
| #define fullfsync innocuous_fullfsync
| 
| /* System header to define __stub macros and hopefully few prototypes,
|     which can conflict with char fullfsync (); below.
|     Prefer <limits.h> to <assert.h> if __STDC__ is defined, since
|     <limits.h> exists even on freestanding compilers.  */
| 
| #ifdef __STDC__
| # include <limits.h>
| #else
| # include <assert.h>
| #endif
| 
| #undef fullfsync
| 
| /* Override any GCC internal prototype to avoid an error.
|    Use char because int might match the return type of a GCC
|    builtin and then its argument prototype would still apply.  */
| #ifdef __cplusplus
| extern "C"
| #endif
| char fullfsync ();
| /* The GNU C library defines this for functions which it implements
|     to always fail with ENOSYS.  Some functions are actually named
|     something starting with __ and the normal name is an alias.  */
| #if defined __stub_fullfsync || defined __stub___fullfsync
| choke me
| #endif
| 
| int
| main ()
| {
| return fullfsync ();
|   ;
|   return 0;
| }
configure:9693: result: no
configure:9693: checking for localtime_r
configure:9693: /src/emsdk/emsdk/upstream/emscripten/emcc -o conftest -O2 -g0 -fPIC  -DSQLITE_OMIT_POPEN  conftest.c  >&5
configure:9693: $? = 0
configure:9693: result: yes
configure:9693: checking for gmtime_r
configure:9693: /src/emsdk/emsdk/upstream/emscripten/emcc -o conftest -O2 -g0 -fPIC  -DSQLITE_OMIT_POPEN  conftest.c  >&5
configure:9693: $? = 0
configure:9693: result: yes
configure:9702: checking whether strerror_r is declared
configure:9702: /src/emsdk/emsdk/upstream/emscripten/emcc -c -O2 -g0 -fPIC  -DSQLITE_OMIT_POPEN conftest.c >&5
configure:9702: $? = 0
configure:9702: result: yes
configure:9715: checking for strerror_r
configure:9715: /src/emsdk/emsdk/upstream/emscripten/emcc -o conftest -O2 -g0 -fPIC  -DSQLITE_OMIT_POPEN  conftest.c  >&5
wasm-ld: warning: function signature mismatch: strerror_r
>>> defined as () -> i32 in /tmp/emscripten_temp__biv6dz7/conftest_0.o
>>> defined as (i32, i32, i32) -> i32 in /src/emsdk/emsdk/upstream/emscripten/cache/sysroot/lib/wasm32-emscripten/libc.a(strerror_r.o)
configure:9715: $? = 0
configure:9715: result: yes
configure:9724: checking whether strerror_r returns char *
configure:9748: /src/emsdk/emsdk/upstream/emscripten/emcc -c -O2 -g0 -fPIC  -DSQLITE_OMIT_POPEN conftest.c >&5
conftest.c:67:13: error: indirection requires pointer operand ('int' invalid)
          char x = *strerror_r (0, buf, sizeof buf);
                   ^~~~~~~~~~~~~~~~~~~~~~~~~~~~~~~~
conftest.c:68:10: warning: incompatible integer to pointer conversion initializing 'char *' with an expression of type 'int' [-Wint-conversion]
          char *p = strerror_r (0, buf, sizeof buf);
                ^   ~~~~~~~~~~~~~~~~~~~~~~~~~~~~~~~
1 warning and 1 error generated.
emcc: error: '/src/emsdk/emsdk/upstream/bin/clang -target wasm32-unknown-emscripten -DEMSCRIPTEN -fignore-exceptions -mllvm -combiner-global-alias-analysis=false -mllvm -enable-emscripten-sjlj -mllvm -disable-lsr -D__EMSCRIPTEN_major__=2 -D__EMSCRIPTEN_minor__=0 -D__EMSCRIPTEN_tiny__=16 -D_LIBCPP_ABI_VERSION=2 -Dunix -D__unix -D__unix__ -flegacy-pass-manager -Werror=implicit-function-declaration -Xclang -iwithsysroot/include/SDL --sysroot=/src/emsdk/emsdk/upstream/emscripten/cache/sysroot -Xclang -iwithsysroot/include/compat -c -O2 -fPIC -DSQLITE_OMIT_POPEN conftest.c -o conftest.o' failed (1)
configure:9748: $? = 1
configure: failed program was:
| /* confdefs.h */
| #define PACKAGE_NAME "sqlite"
| #define PACKAGE_TARNAME "sqlite"
| #define PACKAGE_VERSION "3.27.2"
| #define PACKAGE_STRING "sqlite 3.27.2"
| #define PACKAGE_BUGREPORT "http://www.sqlite.org"
| #define PACKAGE_URL ""
| #define PACKAGE "sqlite"
| #define VERSION "3.27.2"
| #define STDC_HEADERS 1
| #define HAVE_SYS_TYPES_H 1
| #define HAVE_SYS_STAT_H 1
| #define HAVE_STDLIB_H 1
| #define HAVE_STRING_H 1
| #define HAVE_MEMORY_H 1
| #define HAVE_STRINGS_H 1
| #define HAVE_INTTYPES_H 1
| #define HAVE_STDINT_H 1
| #define HAVE_UNISTD_H 1
| #define HAVE_DLFCN_H 1
| #define LT_OBJDIR ".libs/"
| #define HAVE_FDATASYNC 1
| #define HAVE_USLEEP 1
| #define HAVE_LOCALTIME_R 1
| #define HAVE_GMTIME_R 1
| #define HAVE_DECL_STRERROR_R 1
| #define HAVE_STRERROR_R 1
| /* end confdefs.h.  */
| #include <stdio.h>
| #ifdef HAVE_SYS_TYPES_H
| # include <sys/types.h>
| #endif
| #ifdef HAVE_SYS_STAT_H
| # include <sys/stat.h>
| #endif
| #ifdef STDC_HEADERS
| # include <stdlib.h>
| # include <stddef.h>
| #else
| # ifdef HAVE_STDLIB_H
| #  include <stdlib.h>
| # endif
| #endif
| #ifdef HAVE_STRING_H
| # if !defined STDC_HEADERS && defined HAVE_MEMORY_H
| #  include <memory.h>
| # endif
| # include <string.h>
| #endif
| #ifdef HAVE_STRINGS_H
| # include <strings.h>
| #endif
| #ifdef HAVE_INTTYPES_H
| # include <inttypes.h>
| #endif
| #ifdef HAVE_STDINT_H
| # include <stdint.h>
| #endif
| #ifdef HAVE_UNISTD_H
| # include <unistd.h>
| #endif
| int
| main ()
| {
| 
| 	  char buf[100];
| 	  char x = *strerror_r (0, buf, sizeof buf);
| 	  char *p = strerror_r (0, buf, sizeof buf);
| 	  return !p || x;
| 
|   ;
|   return 0;
| }
configure:9786: result: no
configure:9831: checking editline/readline.h usability
configure:9831: /src/emsdk/emsdk/upstream/emscripten/emcc -c -O2 -g0 -fPIC  -DSQLITE_OMIT_POPEN conftest.c >&5
conftest.c:62:10: fatal error: 'editline/readline.h' file not found
#include <editline/readline.h>
         ^~~~~~~~~~~~~~~~~~~~~
1 error generated.
emcc: error: '/src/emsdk/emsdk/upstream/bin/clang -target wasm32-unknown-emscripten -DEMSCRIPTEN -fignore-exceptions -mllvm -combiner-global-alias-analysis=false -mllvm -enable-emscripten-sjlj -mllvm -disable-lsr -D__EMSCRIPTEN_major__=2 -D__EMSCRIPTEN_minor__=0 -D__EMSCRIPTEN_tiny__=16 -D_LIBCPP_ABI_VERSION=2 -Dunix -D__unix -D__unix__ -flegacy-pass-manager -Werror=implicit-function-declaration -Xclang -iwithsysroot/include/SDL --sysroot=/src/emsdk/emsdk/upstream/emscripten/cache/sysroot -Xclang -iwithsysroot/include/compat -c -O2 -fPIC -DSQLITE_OMIT_POPEN conftest.c -o conftest.o' failed (1)
configure:9831: $? = 1
configure: failed program was:
| /* confdefs.h */
| #define PACKAGE_NAME "sqlite"
| #define PACKAGE_TARNAME "sqlite"
| #define PACKAGE_VERSION "3.27.2"
| #define PACKAGE_STRING "sqlite 3.27.2"
| #define PACKAGE_BUGREPORT "http://www.sqlite.org"
| #define PACKAGE_URL ""
| #define PACKAGE "sqlite"
| #define VERSION "3.27.2"
| #define STDC_HEADERS 1
| #define HAVE_SYS_TYPES_H 1
| #define HAVE_SYS_STAT_H 1
| #define HAVE_STDLIB_H 1
| #define HAVE_STRING_H 1
| #define HAVE_MEMORY_H 1
| #define HAVE_STRINGS_H 1
| #define HAVE_INTTYPES_H 1
| #define HAVE_STDINT_H 1
| #define HAVE_UNISTD_H 1
| #define HAVE_DLFCN_H 1
| #define LT_OBJDIR ".libs/"
| #define HAVE_FDATASYNC 1
| #define HAVE_USLEEP 1
| #define HAVE_LOCALTIME_R 1
| #define HAVE_GMTIME_R 1
| #define HAVE_DECL_STRERROR_R 1
| #define HAVE_STRERROR_R 1
| /* end confdefs.h.  */
| #include <stdio.h>
| #ifdef HAVE_SYS_TYPES_H
| # include <sys/types.h>
| #endif
| #ifdef HAVE_SYS_STAT_H
| # include <sys/stat.h>
| #endif
| #ifdef STDC_HEADERS
| # include <stdlib.h>
| # include <stddef.h>
| #else
| # ifdef HAVE_STDLIB_H
| #  include <stdlib.h>
| # endif
| #endif
| #ifdef HAVE_STRING_H
| # if !defined STDC_HEADERS && defined HAVE_MEMORY_H
| #  include <memory.h>
| # endif
| # include <string.h>
| #endif
| #ifdef HAVE_STRINGS_H
| # include <strings.h>
| #endif
| #ifdef HAVE_INTTYPES_H
| # include <inttypes.h>
| #endif
| #ifdef HAVE_STDINT_H
| # include <stdint.h>
| #endif
| #ifdef HAVE_UNISTD_H
| # include <unistd.h>
| #endif
| #include <editline/readline.h>
configure:9831: result: no
configure:9831: checking editline/readline.h presence
configure:9831: /src/emsdk/emsdk/upstream/emscripten/emcc -E -DSQLITE_OMIT_POPEN conftest.c
conftest.c:29:10: fatal error: 'editline/readline.h' file not found
#include <editline/readline.h>
         ^~~~~~~~~~~~~~~~~~~~~
1 error generated.
emcc: error: '/src/emsdk/emsdk/upstream/bin/clang -target wasm32-unknown-emscripten -DEMSCRIPTEN -fignore-exceptions -mllvm -combiner-global-alias-analysis=false -mllvm -enable-emscripten-sjlj -mllvm -disable-lsr -D__EMSCRIPTEN_major__=2 -D__EMSCRIPTEN_minor__=0 -D__EMSCRIPTEN_tiny__=16 -D_LIBCPP_ABI_VERSION=2 -Dunix -D__unix -D__unix__ -flegacy-pass-manager -Werror=implicit-function-declaration -Xclang -iwithsysroot/include/SDL --sysroot=/src/emsdk/emsdk/upstream/emscripten/cache/sysroot -Xclang -iwithsysroot/include/compat -E -DSQLITE_OMIT_POPEN conftest.c' failed (1)
configure:9831: $? = 1
configure: failed program was:
| /* confdefs.h */
| #define PACKAGE_NAME "sqlite"
| #define PACKAGE_TARNAME "sqlite"
| #define PACKAGE_VERSION "3.27.2"
| #define PACKAGE_STRING "sqlite 3.27.2"
| #define PACKAGE_BUGREPORT "http://www.sqlite.org"
| #define PACKAGE_URL ""
| #define PACKAGE "sqlite"
| #define VERSION "3.27.2"
| #define STDC_HEADERS 1
| #define HAVE_SYS_TYPES_H 1
| #define HAVE_SYS_STAT_H 1
| #define HAVE_STDLIB_H 1
| #define HAVE_STRING_H 1
| #define HAVE_MEMORY_H 1
| #define HAVE_STRINGS_H 1
| #define HAVE_INTTYPES_H 1
| #define HAVE_STDINT_H 1
| #define HAVE_UNISTD_H 1
| #define HAVE_DLFCN_H 1
| #define LT_OBJDIR ".libs/"
| #define HAVE_FDATASYNC 1
| #define HAVE_USLEEP 1
| #define HAVE_LOCALTIME_R 1
| #define HAVE_GMTIME_R 1
| #define HAVE_DECL_STRERROR_R 1
| #define HAVE_STRERROR_R 1
| /* end confdefs.h.  */
| #include <editline/readline.h>
configure:9831: result: no
configure:9831: checking for editline/readline.h
configure:9831: result: no
configure:9915: checking readline/readline.h usability
configure:9915: /src/emsdk/emsdk/upstream/emscripten/emcc -c -O2 -g0 -fPIC  -DSQLITE_OMIT_POPEN conftest.c >&5
conftest.c:62:10: fatal error: 'readline/readline.h' file not found
#include <readline/readline.h>
         ^~~~~~~~~~~~~~~~~~~~~
1 error generated.
emcc: error: '/src/emsdk/emsdk/upstream/bin/clang -target wasm32-unknown-emscripten -DEMSCRIPTEN -fignore-exceptions -mllvm -combiner-global-alias-analysis=false -mllvm -enable-emscripten-sjlj -mllvm -disable-lsr -D__EMSCRIPTEN_major__=2 -D__EMSCRIPTEN_minor__=0 -D__EMSCRIPTEN_tiny__=16 -D_LIBCPP_ABI_VERSION=2 -Dunix -D__unix -D__unix__ -flegacy-pass-manager -Werror=implicit-function-declaration -Xclang -iwithsysroot/include/SDL --sysroot=/src/emsdk/emsdk/upstream/emscripten/cache/sysroot -Xclang -iwithsysroot/include/compat -c -O2 -fPIC -DSQLITE_OMIT_POPEN conftest.c -o conftest.o' failed (1)
configure:9915: $? = 1
configure: failed program was:
| /* confdefs.h */
| #define PACKAGE_NAME "sqlite"
| #define PACKAGE_TARNAME "sqlite"
| #define PACKAGE_VERSION "3.27.2"
| #define PACKAGE_STRING "sqlite 3.27.2"
| #define PACKAGE_BUGREPORT "http://www.sqlite.org"
| #define PACKAGE_URL ""
| #define PACKAGE "sqlite"
| #define VERSION "3.27.2"
| #define STDC_HEADERS 1
| #define HAVE_SYS_TYPES_H 1
| #define HAVE_SYS_STAT_H 1
| #define HAVE_STDLIB_H 1
| #define HAVE_STRING_H 1
| #define HAVE_MEMORY_H 1
| #define HAVE_STRINGS_H 1
| #define HAVE_INTTYPES_H 1
| #define HAVE_STDINT_H 1
| #define HAVE_UNISTD_H 1
| #define HAVE_DLFCN_H 1
| #define LT_OBJDIR ".libs/"
| #define HAVE_FDATASYNC 1
| #define HAVE_USLEEP 1
| #define HAVE_LOCALTIME_R 1
| #define HAVE_GMTIME_R 1
| #define HAVE_DECL_STRERROR_R 1
| #define HAVE_STRERROR_R 1
| /* end confdefs.h.  */
| #include <stdio.h>
| #ifdef HAVE_SYS_TYPES_H
| # include <sys/types.h>
| #endif
| #ifdef HAVE_SYS_STAT_H
| # include <sys/stat.h>
| #endif
| #ifdef STDC_HEADERS
| # include <stdlib.h>
| # include <stddef.h>
| #else
| # ifdef HAVE_STDLIB_H
| #  include <stdlib.h>
| # endif
| #endif
| #ifdef HAVE_STRING_H
| # if !defined STDC_HEADERS && defined HAVE_MEMORY_H
| #  include <memory.h>
| # endif
| # include <string.h>
| #endif
| #ifdef HAVE_STRINGS_H
| # include <strings.h>
| #endif
| #ifdef HAVE_INTTYPES_H
| # include <inttypes.h>
| #endif
| #ifdef HAVE_STDINT_H
| # include <stdint.h>
| #endif
| #ifdef HAVE_UNISTD_H
| # include <unistd.h>
| #endif
| #include <readline/readline.h>
configure:9915: result: no
configure:9915: checking readline/readline.h presence
configure:9915: /src/emsdk/emsdk/upstream/emscripten/emcc -E -DSQLITE_OMIT_POPEN conftest.c
conftest.c:29:10: fatal error: 'readline/readline.h' file not found
#include <readline/readline.h>
         ^~~~~~~~~~~~~~~~~~~~~
1 error generated.
emcc: error: '/src/emsdk/emsdk/upstream/bin/clang -target wasm32-unknown-emscripten -DEMSCRIPTEN -fignore-exceptions -mllvm -combiner-global-alias-analysis=false -mllvm -enable-emscripten-sjlj -mllvm -disable-lsr -D__EMSCRIPTEN_major__=2 -D__EMSCRIPTEN_minor__=0 -D__EMSCRIPTEN_tiny__=16 -D_LIBCPP_ABI_VERSION=2 -Dunix -D__unix -D__unix__ -flegacy-pass-manager -Werror=implicit-function-declaration -Xclang -iwithsysroot/include/SDL --sysroot=/src/emsdk/emsdk/upstream/emscripten/cache/sysroot -Xclang -iwithsysroot/include/compat -E -DSQLITE_OMIT_POPEN conftest.c' failed (1)
configure:9915: $? = 1
configure: failed program was:
| /* confdefs.h */
| #define PACKAGE_NAME "sqlite"
| #define PACKAGE_TARNAME "sqlite"
| #define PACKAGE_VERSION "3.27.2"
| #define PACKAGE_STRING "sqlite 3.27.2"
| #define PACKAGE_BUGREPORT "http://www.sqlite.org"
| #define PACKAGE_URL ""
| #define PACKAGE "sqlite"
| #define VERSION "3.27.2"
| #define STDC_HEADERS 1
| #define HAVE_SYS_TYPES_H 1
| #define HAVE_SYS_STAT_H 1
| #define HAVE_STDLIB_H 1
| #define HAVE_STRING_H 1
| #define HAVE_MEMORY_H 1
| #define HAVE_STRINGS_H 1
| #define HAVE_INTTYPES_H 1
| #define HAVE_STDINT_H 1
| #define HAVE_UNISTD_H 1
| #define HAVE_DLFCN_H 1
| #define LT_OBJDIR ".libs/"
| #define HAVE_FDATASYNC 1
| #define HAVE_USLEEP 1
| #define HAVE_LOCALTIME_R 1
| #define HAVE_GMTIME_R 1
| #define HAVE_DECL_STRERROR_R 1
| #define HAVE_STRERROR_R 1
| /* end confdefs.h.  */
| #include <readline/readline.h>
configure:9915: result: no
configure:9915: checking for readline/readline.h
configure:9915: result: no
configure:10064: checking for library containing pthread_create
configure:10095: /src/emsdk/emsdk/upstream/emscripten/emcc -o conftest -O2 -g0 -fPIC  -DSQLITE_OMIT_POPEN  conftest.c  >&5
configure:10095: $? = 0
configure:10112: result: none required
configure:10120: checking for library containing pthread_mutexattr_init
configure:10151: /src/emsdk/emsdk/upstream/emscripten/emcc -o conftest -O2 -g0 -fPIC  -DSQLITE_OMIT_POPEN  conftest.c  >&5
wasm-ld: warning: function signature mismatch: pthread_mutexattr_init
>>> defined as () -> i32 in /tmp/emscripten_temp_drwhmok5/conftest_0.o
>>> defined as (i32) -> i32 in /src/emsdk/emsdk/upstream/emscripten/cache/sysroot/lib/wasm32-emscripten/libc.a(library_pthread_stub.o)
configure:10151: $? = 0
configure:10168: result: none required
configure:10190: checking for library containing dlopen
configure:10221: /src/emsdk/emsdk/upstream/emscripten/emcc -o conftest -O2 -g0 -fPIC  -DSQLITE_OMIT_POPEN  conftest.c  >&5
configure:10221: $? = 0
configure:10238: result: none required
configure:10249: checking for whether to support dynamic extensions
configure:10251: result: yes
configure:10294: checking for library containing log
configure:10325: /src/emsdk/emsdk/upstream/emscripten/emcc -o conftest -O2 -g0 -fPIC  -DSQLITE_OMIT_POPEN  conftest.c  >&5
conftest.c:36:6: warning: incompatible redeclaration of library function 'log' [-Wincompatible-library-redeclaration]
char log ();
     ^
conftest.c:36:6: note: 'log' is a builtin with type 'double (double)'
1 warning generated.
wasm-ld: warning: function signature mismatch: log
>>> defined as () -> i32 in /tmp/emscripten_temp_qvf0tgfd/conftest_0.o
>>> defined as (f64) -> f64 in /src/emsdk/emsdk/upstream/emscripten/cache/sysroot/lib/wasm32-emscripten/libc.a(log.o)
configure:10325: $? = 0
configure:10342: result: none required
configure:10431: checking for posix_fallocate
configure:10431: /src/emsdk/emsdk/upstream/emscripten/emcc -o conftest -O2 -g0 -fPIC  -DSQLITE_OMIT_POPEN  conftest.c  >&5
wasm-ld: warning: function signature mismatch: posix_fallocate
>>> defined as () -> i32 in /tmp/emscripten_temp_t83enice/conftest_0.o
>>> defined as (i32, i64, i64) -> i32 in /src/emsdk/emsdk/upstream/emscripten/cache/sysroot/lib/wasm32-emscripten/libc.a(posix_fallocate.o)
configure:10431: $? = 0
configure:10431: result: yes
configure:10442: checking zlib.h usability
configure:10442: /src/emsdk/emsdk/upstream/emscripten/emcc -c -O2 -g0 -fPIC  -DSQLITE_OMIT_POPEN conftest.c >&5
conftest.c:63:10: fatal error: 'zlib.h' file not found
#include <zlib.h>
         ^~~~~~~~
1 error generated.
emcc: error: '/src/emsdk/emsdk/upstream/bin/clang -target wasm32-unknown-emscripten -DEMSCRIPTEN -fignore-exceptions -mllvm -combiner-global-alias-analysis=false -mllvm -enable-emscripten-sjlj -mllvm -disable-lsr -D__EMSCRIPTEN_major__=2 -D__EMSCRIPTEN_minor__=0 -D__EMSCRIPTEN_tiny__=16 -D_LIBCPP_ABI_VERSION=2 -Dunix -D__unix -D__unix__ -flegacy-pass-manager -Werror=implicit-function-declaration -Xclang -iwithsysroot/include/SDL --sysroot=/src/emsdk/emsdk/upstream/emscripten/cache/sysroot -Xclang -iwithsysroot/include/compat -c -O2 -fPIC -DSQLITE_OMIT_POPEN conftest.c -o conftest.o' failed (1)
configure:10442: $? = 1
configure: failed program was:
| /* confdefs.h */
| #define PACKAGE_NAME "sqlite"
| #define PACKAGE_TARNAME "sqlite"
| #define PACKAGE_VERSION "3.27.2"
| #define PACKAGE_STRING "sqlite 3.27.2"
| #define PACKAGE_BUGREPORT "http://www.sqlite.org"
| #define PACKAGE_URL ""
| #define PACKAGE "sqlite"
| #define VERSION "3.27.2"
| #define STDC_HEADERS 1
| #define HAVE_SYS_TYPES_H 1
| #define HAVE_SYS_STAT_H 1
| #define HAVE_STDLIB_H 1
| #define HAVE_STRING_H 1
| #define HAVE_MEMORY_H 1
| #define HAVE_STRINGS_H 1
| #define HAVE_INTTYPES_H 1
| #define HAVE_STDINT_H 1
| #define HAVE_UNISTD_H 1
| #define HAVE_DLFCN_H 1
| #define LT_OBJDIR ".libs/"
| #define HAVE_FDATASYNC 1
| #define HAVE_USLEEP 1
| #define HAVE_LOCALTIME_R 1
| #define HAVE_GMTIME_R 1
| #define HAVE_DECL_STRERROR_R 1
| #define HAVE_STRERROR_R 1
| #define HAVE_POSIX_FALLOCATE 1
| /* end confdefs.h.  */
| #include <stdio.h>
| #ifdef HAVE_SYS_TYPES_H
| # include <sys/types.h>
| #endif
| #ifdef HAVE_SYS_STAT_H
| # include <sys/stat.h>
| #endif
| #ifdef STDC_HEADERS
| # include <stdlib.h>
| # include <stddef.h>
| #else
| # ifdef HAVE_STDLIB_H
| #  include <stdlib.h>
| # endif
| #endif
| #ifdef HAVE_STRING_H
| # if !defined STDC_HEADERS && defined HAVE_MEMORY_H
| #  include <memory.h>
| # endif
| # include <string.h>
| #endif
| #ifdef HAVE_STRINGS_H
| # include <strings.h>
| #endif
| #ifdef HAVE_INTTYPES_H
| # include <inttypes.h>
| #endif
| #ifdef HAVE_STDINT_H
| # include <stdint.h>
| #endif
| #ifdef HAVE_UNISTD_H
| # include <unistd.h>
| #endif
| #include <zlib.h>
configure:10442: result: no
configure:10442: checking zlib.h presence
configure:10442: /src/emsdk/emsdk/upstream/emscripten/emcc -E -DSQLITE_OMIT_POPEN conftest.c
conftest.c:30:10: fatal error: 'zlib.h' file not found
#include <zlib.h>
         ^~~~~~~~
1 error generated.
emcc: error: '/src/emsdk/emsdk/upstream/bin/clang -target wasm32-unknown-emscripten -DEMSCRIPTEN -fignore-exceptions -mllvm -combiner-global-alias-analysis=false -mllvm -enable-emscripten-sjlj -mllvm -disable-lsr -D__EMSCRIPTEN_major__=2 -D__EMSCRIPTEN_minor__=0 -D__EMSCRIPTEN_tiny__=16 -D_LIBCPP_ABI_VERSION=2 -Dunix -D__unix -D__unix__ -flegacy-pass-manager -Werror=implicit-function-declaration -Xclang -iwithsysroot/include/SDL --sysroot=/src/emsdk/emsdk/upstream/emscripten/cache/sysroot -Xclang -iwithsysroot/include/compat -E -DSQLITE_OMIT_POPEN conftest.c' failed (1)
configure:10442: $? = 1
configure: failed program was:
| /* confdefs.h */
| #define PACKAGE_NAME "sqlite"
| #define PACKAGE_TARNAME "sqlite"
| #define PACKAGE_VERSION "3.27.2"
| #define PACKAGE_STRING "sqlite 3.27.2"
| #define PACKAGE_BUGREPORT "http://www.sqlite.org"
| #define PACKAGE_URL ""
| #define PACKAGE "sqlite"
| #define VERSION "3.27.2"
| #define STDC_HEADERS 1
| #define HAVE_SYS_TYPES_H 1
| #define HAVE_SYS_STAT_H 1
| #define HAVE_STDLIB_H 1
| #define HAVE_STRING_H 1
| #define HAVE_MEMORY_H 1
| #define HAVE_STRINGS_H 1
| #define HAVE_INTTYPES_H 1
| #define HAVE_STDINT_H 1
| #define HAVE_UNISTD_H 1
| #define HAVE_DLFCN_H 1
| #define LT_OBJDIR ".libs/"
| #define HAVE_FDATASYNC 1
| #define HAVE_USLEEP 1
| #define HAVE_LOCALTIME_R 1
| #define HAVE_GMTIME_R 1
| #define HAVE_DECL_STRERROR_R 1
| #define HAVE_STRERROR_R 1
| #define HAVE_POSIX_FALLOCATE 1
| /* end confdefs.h.  */
| #include <zlib.h>
configure:10442: result: no
configure:10442: checking for zlib.h
configure:10442: result: no
configure:10510: checking for library containing system
configure:10541: /src/emsdk/emsdk/upstream/emscripten/emcc -o conftest -O2 -g0 -fPIC  -DSQLITE_OMIT_POPEN  conftest.c  >&5
configure:10541: $? = 0
configure:10558: result: none required
configure:10732: checking that generated files are newer than configure
configure:10738: result: done
configure:10765: creating ./config.status

## ---------------------- ##
## Running config.status. ##
## ---------------------- ##

This file was extended by sqlite config.status 3.27.2, which was
generated by GNU Autoconf 2.69.  Invocation command line was

  CONFIG_FILES    = 
  CONFIG_HEADERS  = 
  CONFIG_LINKS    = 
  CONFIG_COMMANDS = 
  $ ./config.status 

on 4fa06472151e

config.status:1009: creating Makefile
config.status:1009: creating sqlite3.pc
config.status:1181: executing depfiles commands
config.status:1181: executing libtool commands

## ---------------- ##
## Cache variables. ##
## ---------------- ##

ac_cv_build=x86_64-pc-linux-gnu
ac_cv_c_compiler_gnu=yes
ac_cv_env_CC_set=set
ac_cv_env_CC_value=/src/emsdk/emsdk/upstream/emscripten/emcc
ac_cv_env_CFLAGS_set=set
ac_cv_env_CFLAGS_value='-O2 -g0 -fPIC '
ac_cv_env_CPPFLAGS_set=set
ac_cv_env_CPPFLAGS_value=-DSQLITE_OMIT_POPEN
ac_cv_env_CPP_set=
ac_cv_env_CPP_value=
ac_cv_env_LDFLAGS_set=
ac_cv_env_LDFLAGS_value=
ac_cv_env_LIBS_set=
ac_cv_env_LIBS_value=
ac_cv_env_LT_SYS_LIBRARY_PATH_set=
ac_cv_env_LT_SYS_LIBRARY_PATH_value=
ac_cv_env_build_alias_set=
ac_cv_env_build_alias_value=
ac_cv_env_host_alias_set=
ac_cv_env_host_alias_value=
ac_cv_env_target_alias_set=
ac_cv_env_target_alias_value=
ac_cv_func_fdatasync=yes
ac_cv_func_fullfsync=no
ac_cv_func_gmtime_r=yes
ac_cv_func_localtime_r=yes
ac_cv_func_posix_fallocate=yes
ac_cv_func_strerror_r=yes
ac_cv_func_strerror_r_char_p=no
ac_cv_func_usleep=yes
ac_cv_have_decl_strerror_r=yes
ac_cv_header_dlfcn_h=yes
ac_cv_header_editline_readline_h=no
ac_cv_header_inttypes_h=yes
ac_cv_header_memory_h=yes
ac_cv_header_readline_readline_h=no
ac_cv_header_stdc=yes
ac_cv_header_stdint_h=yes
ac_cv_header_stdlib_h=yes
ac_cv_header_string_h=yes
ac_cv_header_strings_h=yes
ac_cv_header_sys_stat_h=yes
ac_cv_header_sys_types_h=yes
ac_cv_header_unistd_h=yes
ac_cv_header_zlib_h=no
ac_cv_host=x86_64-pc-linux-gnu
ac_cv_objext=o
ac_cv_path_EGREP='/bin/grep -E'
ac_cv_path_FGREP='/bin/grep -F'
ac_cv_path_GREP=/bin/grep
ac_cv_path_SED=/bin/sed
ac_cv_path_install='/usr/bin/install -c'
ac_cv_path_lt_DD=/bin/dd
ac_cv_path_mkdir=/bin/mkdir
ac_cv_prog_AWK=mawk
ac_cv_prog_CPP='/src/emsdk/emsdk/upstream/emscripten/emcc -E'
ac_cv_prog_ac_ct_CC=/src/emsdk/emsdk/upstream/emscripten/emcc
ac_cv_prog_ac_ct_OBJDUMP=objdump
ac_cv_prog_ac_ct_RANLIB=/src/emsdk/emsdk/upstream/emscripten/emranlib
ac_cv_prog_ac_ct_STRIP=strip
ac_cv_prog_cc_c89=
ac_cv_prog_cc_g=yes
ac_cv_prog_make_make_set=yes
ac_cv_search_dlopen='none required'
ac_cv_search_log='none required'
ac_cv_search_pthread_create='none required'
ac_cv_search_pthread_mutexattr_init='none required'
ac_cv_search_system='none required'
ac_cv_sys_file_offset_bits=no
ac_cv_sys_largefile_CC=no
am_cv_CC_dependencies_compiler_type=gcc3
am_cv_make_support_nested_variables=yes
am_cv_prog_cc_c_o=yes
lt_cv_ar_at_file=@
lt_cv_archive_cmds_need_lc=yes
lt_cv_deplibs_check_method=pass_all
lt_cv_file_magic_cmd='$MAGIC_CMD'
lt_cv_file_magic_test_file=
lt_cv_ld_reload_flag=-r
lt_cv_nm_interface='BSD nm'
lt_cv_objdir=.libs
lt_cv_path_LD=/src/emsdk/emsdk/upstream/emscripten/emcc
lt_cv_path_NM=/src/emsdk/emsdk/upstream/bin/llvm-nm
lt_cv_path_mainfest_tool=no
lt_cv_prog_compiler_c_o=yes
lt_cv_prog_compiler_pic='-fPIC -DPIC'
lt_cv_prog_compiler_pic_works=yes
lt_cv_prog_compiler_rtti_exceptions=yes
lt_cv_prog_compiler_static_works=yes
lt_cv_prog_gnu_ld=yes
lt_cv_sharedlib_from_linklib_cmd='printf %s\n'
lt_cv_shlibpath_overrides_runpath=no
lt_cv_sys_global_symbol_pipe='sed -n -e '\''s/^.*[	 ]\([BCDEGRST][BCDEGRST]*\)[	 ][	 ]*\([_A-Za-z][_A-Za-z0-9]*\)$/\1 \2 \2/p'\'' | sed '\''/ __gnu_lto/d'\'''
lt_cv_sys_global_symbol_to_c_name_address='sed -n -e '\''s/^: \(.*\) .*$/  {"\1", (void *) 0},/p'\'' -e '\''s/^[BCDEGRST][BCDEGRST]* .* \(.*\)$/  {"\1", (void *) \&\1},/p'\'''
lt_cv_sys_global_symbol_to_c_name_address_lib_prefix='sed -n -e '\''s/^: \(.*\) .*$/  {"\1", (void *) 0},/p'\'' -e '\''s/^[BCDEGRST][BCDEGRST]* .* \(lib.*\)$/  {"\1", (void *) \&\1},/p'\'' -e '\''s/^[BCDEGRST][BCDEGRST]* .* \(.*\)$/  {"lib\1", (void *) \&\1},/p'\'''
lt_cv_sys_global_symbol_to_cdecl='sed -n -e '\''s/^T .* \(.*\)$/extern int \1();/p'\'' -e '\''s/^[BCDEGRST][BCDEGRST]* .* \(.*\)$/extern char \1;/p'\'''
lt_cv_sys_global_symbol_to_import=
lt_cv_sys_max_cmd_len=1572864
lt_cv_to_host_file_cmd=func_convert_file_noop
lt_cv_to_tool_file_cmd=func_convert_file_noop
lt_cv_truncate_bin='/bin/dd bs=4096 count=1'

## ----------------- ##
## Output variables. ##
## ----------------- ##

ACLOCAL='${SHELL} /src/cpython/build/sqlite-autoconf-3270200/missing aclocal-1.15'
AMDEPBACKSLASH='\'
AMDEP_FALSE='#'
AMDEP_TRUE=''
AMTAR='$${TAR-tar}'
AM_BACKSLASH='\'
AM_DEFAULT_V='$(AM_DEFAULT_VERBOSITY)'
AM_DEFAULT_VERBOSITY='1'
AM_V='$(V)'
AR='/src/emsdk/emsdk/upstream/emscripten/emar'
AUTOCONF='${SHELL} /src/cpython/build/sqlite-autoconf-3270200/missing autoconf'
AUTOHEADER='${SHELL} /src/cpython/build/sqlite-autoconf-3270200/missing autoheader'
AUTOMAKE='${SHELL} /src/cpython/build/sqlite-autoconf-3270200/missing automake-1.15'
AWK='mawk'
BUILD_CFLAGS=' -D_REENTRANT=1 -DSQLITE_THREADSAFE=1 -DSQLITE_ENABLE_FTS4 -DSQLITE_ENABLE_FTS5 -DSQLITE_ENABLE_JSON1 -DSQLITE_ENABLE_RTREE'
CC='/src/emsdk/emsdk/upstream/emscripten/emcc'
CCDEPMODE='depmode=gcc3'
CFLAGS='-O2 -g0 -fPIC '
CPP='/src/emsdk/emsdk/upstream/emscripten/emcc -E'
CPPFLAGS='-DSQLITE_OMIT_POPEN'
CYGPATH_W='echo'
DEFS='-DPACKAGE_NAME=\"sqlite\" -DPACKAGE_TARNAME=\"sqlite\" -DPACKAGE_VERSION=\"3.27.2\" -DPACKAGE_STRING=\"sqlite\ 3.27.2\" -DPACKAGE_BUGREPORT=\"http://www.sqlite.org\" -DPACKAGE_URL=\"\" -DPACKAGE=\"sqlite\" -DVERSION=\"3.27.2\" -DSTDC_HEADERS=1 -DHAVE_SYS_TYPES_H=1 -DHAVE_SYS_STAT_H=1 -DHAVE_STDLIB_H=1 -DHAVE_STRING_H=1 -DHAVE_MEMORY_H=1 -DHAVE_STRINGS_H=1 -DHAVE_INTTYPES_H=1 -DHAVE_STDINT_H=1 -DHAVE_UNISTD_H=1 -DHAVE_DLFCN_H=1 -DLT_OBJDIR=\".libs/\" -DHAVE_FDATASYNC=1 -DHAVE_USLEEP=1 -DHAVE_LOCALTIME_R=1 -DHAVE_GMTIME_R=1 -DHAVE_DECL_STRERROR_R=1 -DHAVE_STRERROR_R=1 -DHAVE_POSIX_FALLOCATE=1'
DEPDIR='.deps'
DLLTOOL='false'
DSYMUTIL=''
DUMPBIN=''
ECHO_C=''
ECHO_N='-n'
ECHO_T=''
EGREP='/bin/grep -E'
EXEEXT=''
EXTRA_SHELL_OBJ='sqlite3-sqlite3.o'
FGREP='/bin/grep -F'
GREP='/bin/grep'
INSTALL_DATA='${INSTALL} -m 644'
INSTALL_PROGRAM='${INSTALL}'
INSTALL_SCRIPT='${INSTALL}'
INSTALL_STRIP_PROGRAM='$(install_sh) -c -s'
LD='/src/emsdk/emsdk/upstream/emscripten/emcc'
LDFLAGS=''
LIBOBJS=''
LIBS=''
LIBTOOL='$(SHELL) $(top_builddir)/libtool'
LIPO=''
LN_S='ln -s'
LTLIBOBJS=''
LT_SYS_LIBRARY_PATH=''
MAKEINFO='${SHELL} /src/cpython/build/sqlite-autoconf-3270200/missing makeinfo'
MANIFEST_TOOL=':'
MKDIR_P='/bin/mkdir -p'
NM='/src/emsdk/emsdk/upstream/bin/llvm-nm'
NMEDIT=''
OBJDUMP='objdump'
OBJEXT='o'
OTOOL64=''
OTOOL=''
PACKAGE='sqlite'
PACKAGE_BUGREPORT='http://www.sqlite.org'
PACKAGE_NAME='sqlite'
PACKAGE_STRING='sqlite 3.27.2'
PACKAGE_TARNAME='sqlite'
PACKAGE_URL=''
PACKAGE_VERSION='3.27.2'
PATH_SEPARATOR=':'
RANLIB='/src/emsdk/emsdk/upstream/emscripten/emranlib'
READLINE_LIBS=''
SED='/bin/sed'
SET_MAKE=''
SHELL='/bin/bash'
SHELL_CFLAGS=''
STRIP='strip'
VERSION='3.27.2'
ac_ct_AR=''
ac_ct_CC='/src/emsdk/emsdk/upstream/emscripten/emcc'
ac_ct_DUMPBIN=''
am__EXEEXT_FALSE=''
am__EXEEXT_TRUE='#'
am__fastdepCC_FALSE='#'
am__fastdepCC_TRUE=''
am__include='include'
am__isrc=''
am__leading_dot='.'
am__nodep='_no'
am__quote=''
am__tar='$${TAR-tar} chof - "$$tardir"'
am__untar='$${TAR-tar} xf -'
bindir='${exec_prefix}/bin'
build='x86_64-pc-linux-gnu'
build_alias=''
build_cpu='x86_64'
build_os='linux-gnu'
build_vendor='pc'
datadir='${datarootdir}'
datarootdir='${prefix}/share'
docdir='${datarootdir}/doc/${PACKAGE_TARNAME}'
dvidir='${docdir}'
exec_prefix='${prefix}'
host='x86_64-pc-linux-gnu'
host_alias=''
host_cpu='x86_64'
host_os='linux-gnu'
host_vendor='pc'
htmldir='${docdir}'
includedir='${prefix}/include'
infodir='${datarootdir}/info'
install_sh='${SHELL} /src/cpython/build/sqlite-autoconf-3270200/install-sh'
libdir='${exec_prefix}/lib'
libexecdir='${exec_prefix}/libexec'
localedir='${datarootdir}/locale'
localstatedir='${prefix}/var'
mandir='${datarootdir}/man'
mkdir_p='$(MKDIR_P)'
oldincludedir='/usr/include'
pdfdir='${docdir}'
prefix='/usr/local'
program_transform_name='s,x,x,'
psdir='${docdir}'
runstatedir='${localstatedir}/run'
sbindir='${exec_prefix}/sbin'
sharedstatedir='${prefix}/com'
sysconfdir='${prefix}/etc'
target_alias=''

## ----------- ##
## confdefs.h. ##
## ----------- ##

/* confdefs.h */
#define PACKAGE_NAME "sqlite"
#define PACKAGE_TARNAME "sqlite"
#define PACKAGE_VERSION "3.27.2"
#define PACKAGE_STRING "sqlite 3.27.2"
#define PACKAGE_BUGREPORT "http://www.sqlite.org"
#define PACKAGE_URL ""
#define PACKAGE "sqlite"
#define VERSION "3.27.2"
#define STDC_HEADERS 1
#define HAVE_SYS_TYPES_H 1
#define HAVE_SYS_STAT_H 1
#define HAVE_STDLIB_H 1
#define HAVE_STRING_H 1
#define HAVE_MEMORY_H 1
#define HAVE_STRINGS_H 1
#define HAVE_INTTYPES_H 1
#define HAVE_STDINT_H 1
#define HAVE_UNISTD_H 1
#define HAVE_DLFCN_H 1
#define LT_OBJDIR ".libs/"
#define HAVE_FDATASYNC 1
#define HAVE_USLEEP 1
#define HAVE_LOCALTIME_R 1
#define HAVE_GMTIME_R 1
#define HAVE_DECL_STRERROR_R 1
#define HAVE_STRERROR_R 1
#define HAVE_POSIX_FALLOCATE 1

configure: exit 0
