["gcc", "-print-multiarch"]
["gcc", "-print-multiarch"]
["c++", "-print-file-name=libomp.so"]
["c++", "-print-file-name=libomp.so"]
["c++", "-print-file-name=libgomp.so"]
["c++", "-print-file-name=libgomp.so"]
["c++", "-print-file-name=libiomp5.so"]
["c++", "-print-file-name=libiomp5.so"]
["gcc", "-Wl,-t", "-o", "/tmp/tmph9cuqmi3", "-lomp"]
["gcc", "-Wl,-t", "-o", "/tmp/tmpc2brrubs", "-lomp"]
["ld", "-t", "-o", "/dev/null", "-lomp"]
["ld", "-t", "-o", "/dev/null", "-lomp"]
["gcc", "-print-multiarch"]
["gcc", "-print-multiarch"]
["c++", "-print-file-name=libomp.so"]
["c++", "-print-file-name=libomp.so"]
["gcc", "-print-multiarch"]
["c++", "-print-file-name=libgomp.so"]
["c++", "-print-file-name=libgomp.so"]
["c++", "-print-file-name=libomp.so"]
["c++", "-print-file-name=libiomp5.so"]
["c++", "-print-file-name=libiomp5.so"]
["c++", "-print-file-name=libgomp.so"]
["gcc", "-Wl,-t", "-o", "/tmp/tmppr8onb35", "-lomp"]
["gcc", "-Wl,-t", "-o", "/tmp/tmp96t62hs_", "-lomp"]
["c++", "-print-file-name=libiomp5.so"]
["ld", "-t", "-o", "/dev/null", "-lomp"]
["ld", "-t", "-o", "/dev/null", "-lomp"]
["gcc", "-Wl,-t", "-o", "/tmp/tmpsvq1n7fc", "-lomp"]
["ld", "-t", "-o", "/dev/null", "-lomp"]
